\BOOKMARK [0][]{chapter.1}{\376\377\0001\000\040\000W\000s\000t\001\031\000p}{}% 1
\BOOKMARK [0][]{chapter.2}{\376\377\0002\000\040\000P\000o\000d\000s\000t\000a\000w\000y\000\040\000t\000e\000o\000r\000e\000t\000y\000c\000z\000n\000e}{}% 2
\BOOKMARK [1][]{section.2.1}{\376\377\0002\000.\0001\000\040\000S\000t\000r\000u\000k\000t\000u\000r\000a\000\040\000p\000r\000o\000c\000e\000s\000u}{chapter.2}% 3
\BOOKMARK [2][]{subsection.2.1.1}{\376\377\0002\000.\0001\000.\0001\000\040\000G\000r\000o\000m\000a\000d\000z\000e\000n\000i\000e\000\040\000d\000a\000n\000y\000c\000h\000\040\000d\000o\000t\000y\000c\000z\001\005\000c\000y\000c\000h\000\040\000o\000f\000e\000r\000t\000\040\000u\000s\001\102\000u\000g\000o\000d\000a\000w\000c\000\363\000w}{section.2.1}% 4
\BOOKMARK [2][]{subsection.2.1.2}{\376\377\0002\000.\0001\000.\0002\000\040\000P\000r\000z\000y\000g\000o\000t\000o\000w\000a\000n\000i\000e\000\040\000d\000a\000n\000y\000c\000h}{section.2.1}% 5
\BOOKMARK [2][]{subsection.2.1.3}{\376\377\0002\000.\0001\000.\0003\000\040\000P\000r\000z\000e\000b\000i\000e\000g\000\040\000I\000t\000e\000r\000a\000c\000j\000i}{section.2.1}% 6
\BOOKMARK [1][]{section.2.2}{\376\377\0002\000.\0002\000\040\000W\000y\000k\000o\000r\000z\000y\000s\000t\000a\000n\000e\000\040\000t\000e\000c\000h\000n\000o\000l\000o\000g\000i\000e}{chapter.2}% 7
\BOOKMARK [2][]{subsection.2.2.1}{\376\377\0002\000.\0002\000.\0001\000\040\000S\000k\000r\000y\000p\000t\000y\000\040\000p\000a\000k\000i\000e\000t\000u\000\040\000O\000f\000f\000i\000c\000e}{section.2.2}% 8
\BOOKMARK [2][]{subsection.2.2.2}{\376\377\0002\000.\0002\000.\0002\000\040\000S\000h\000a\000r\000e\000P\000o\000i\000n\000t}{section.2.2}% 9
\BOOKMARK [2][]{subsection.2.2.3}{\376\377\0002\000.\0002\000.\0003\000\040\000P\000o\000w\000e\000r\000\040\000A\000u\000t\000o\000m\000a\000t\000e}{section.2.2}% 10
\BOOKMARK [2][]{subsection.2.2.4}{\376\377\0002\000.\0002\000.\0004\000\040\000P\000o\000w\000e\000r\000\040\000A\000p\000p\000s}{section.2.2}% 11
\BOOKMARK [0][]{chapter.3}{\376\377\0003\000\040\000A\000r\000c\000h\000i\000t\000e\000k\000t\000u\000r\000a\000\040\000r\000o\000z\000w\000i\001\005\000z\000a\000n\000i\000a}{}% 12
\BOOKMARK [1][]{section.3.1}{\376\377\0003\000.\0001\000\040\000Z\000a\001\102\000o\001\174\000e\000n\000i\000a\000\040\000p\000r\000o\000j\000e\000k\000t\000o\000w\000e}{chapter.3}% 13
\BOOKMARK [2][]{subsection.3.1.1}{\376\377\0003\000.\0001\000.\0001\000\040\000S\000y\000s\000t\000e\000m\000a\000t\000y\000z\000a\000c\000j\000a\000\040\000d\000a\000n\000y\000c\000h}{section.3.1}% 14
\BOOKMARK [2][]{subsection.3.1.2}{\376\377\0003\000.\0001\000.\0002\000\040\000A\000r\000c\000h\000i\000w\000i\000z\000a\000c\000j\000a\000\040\000d\000a\000n\000y\000c\000h}{section.3.1}% 15
\BOOKMARK [2][]{subsection.3.1.3}{\376\377\0003\000.\0001\000.\0003\000\040\000I\000n\000t\000e\000r\000f\000e\000j\000s\000\040\000p\000r\000z\000y\000j\000a\000z\000n\000y\000\040\000d\000l\000a\000\040\000u\001\174\000y\000t\000k\000o\000w\000n\000i\000k\000a}{section.3.1}% 16
\BOOKMARK [2][]{subsection.3.1.4}{\376\377\0003\000.\0001\000.\0004\000\040\000U\001\174\000y\000c\000i\000e\000\040\000p\000a\000k\000i\000e\000t\000u\000\040\000M\000i\000c\000r\000o\000s\000o\000f\000t\000\040\0003\0006\0005}{section.3.1}% 17
\BOOKMARK [2][]{subsection.3.1.5}{\376\377\0003\000.\0001\000.\0005\000\040\000O\000p\000t\000y\000m\000a\000l\000i\000z\000a\000c\000j\000a}{section.3.1}% 18
\BOOKMARK [1][]{section.3.2}{\376\377\0003\000.\0002\000\040\000K\000o\000n\000c\000e\000p\000c\000j\000a\000\040\000r\000o\000z\000w\000i\001\005\000z\000a\000n\000i\000a}{chapter.3}% 19
\BOOKMARK [2][]{subsection.3.2.1}{\376\377\0003\000.\0002\000.\0001\000\040\000B\000a\000z\000a\000\040\000d\000a\000n\000y\000c\000h}{section.3.2}% 20
\BOOKMARK [0][]{chapter.4}{\376\377\0004\000\040\000R\000o\000z\000w\000i\000n\000i\001\031\000c\000i\000e}{}% 21
\BOOKMARK [0][]{chapter.5}{\376\377\0005\000\040\000Z\000a\000k\000o\001\104\000c\000z\000e\000n\000i\000e}{}% 22
\BOOKMARK [0][]{chapter*.3}{\376\377\000L\000i\000t\000e\000r\000a\000t\000u\000r\000a}{}% 23
\BOOKMARK [0][]{appendix.A}{\376\377\000A\000\040\000S\000k\001\102\000a\000d\000a\000n\000i\000e\000\040\000d\000o\000k\000u\000m\000e\000n\000t\000u\000\040\000w\000\040\000s\000y\000s\000t\000e\000m\000i\000e\000\040\000L\000a\000T\000e\000X}{}% 24
\BOOKMARK [1][]{section.A.1}{\376\377\000A\000.\0001\000\040\000S\000t\000r\000u\000k\000t\000u\000r\000a\000\040\000d\000o\000k\000u\000m\000e\000n\000t\000u}{appendix.A}% 25
\BOOKMARK [1][]{section.A.2}{\376\377\000A\000.\0002\000\040\000A\000k\000a\000p\000i\000t\000y\000\040\000i\000\040\000z\000n\000a\000k\000i\000\040\000s\000p\000e\000c\000j\000a\000l\000n\000e}{appendix.A}% 26
\BOOKMARK [1][]{section.A.3}{\376\377\000A\000.\0003\000\040\000W\000y\000p\000u\000n\000k\000t\000o\000w\000a\000n\000i\000a}{appendix.A}% 27
\BOOKMARK [1][]{section.A.4}{\376\377\000A\000.\0004\000\040\000P\000o\000l\000e\000c\000e\000n\000i\000a\000\040\000p\000a\000k\000i\000e\000t\000u\000\040\000p\000p\000c\000r\000e\000e\000f\000t\000h\000e\000s\000i\000s}{appendix.A}% 28
\BOOKMARK [1][]{section.A.5}{\376\377\000A\000.\0005\000\040\000R\000y\000s\000u\000n\000k\000i}{appendix.A}% 29
\BOOKMARK [2][]{subsection.A.5.1}{\376\377\000A\000.\0005\000.\0001\000\040\000T\000a\000b\000l\000i\000c\000e}{section.A.5}% 30
\BOOKMARK [2][]{subsection.A.5.2}{\376\377\000A\000.\0005\000.\0002\000\040\000P\000r\000z\000y\000d\000a\000t\000n\000e\000\040\000u\000w\000a\000g\000i}{section.A.5}% 31
\BOOKMARK [1][]{section.A.6}{\376\377\000A\000.\0006\000\040\000L\000i\000t\000e\000r\000a\000t\000u\000r\000a\000\040\000i\000\040\000m\000a\000t\000e\000r\000i\000a\001\102\000y\000\040\000d\000o\000d\000a\000t\000k\000o\000w\000e}{appendix.A}% 32
